# JRE version: OpenJDK Runtime Environment Temurin-21.0.10+7 (21.0.10+7) (build 21.0.10+7-LTS)
# Java VM: OpenJDK 64-Bit Server VM Temurin-21.0.10+7 (21.0.10+7-LTS, mixed mode, sharing, tiered, compressed oops, compressed class ptrs, parallel gc, windows-amd64)
GC Precious Log:
 CardTable entry size: 512
 CPUs: 8 total, 8 available
 Memory: 16118M
 Large Page Support: Disabled
 NUMA Support: Disabled
 Compressed Oops: Enabled (32-bit)
 Alignments: Space 512K, Generation 512K, Heap 2M
 Heap Min Capacity: 100M
 Heap Initial Capacity: 100M
 Heap Max Capacity: 2G
 Pre-touch: Disabled
 Parallel Workers: 8
Heap:
 PSYoungGen      total 22016K, used 7788K [0x00000000d5580000, 0x00000000d6d80000, 0x0000000100000000)
  eden space 20992K, 37% used [0x00000000d5580000,0x00000000d5d1b220,0x00000000d6a00000)
  from space 1024K, 0% used [0x00000000d6a80000,0x00000000d6a80000,0x00000000d6b80000)
  to   space 1536K, 0% used [0x00000000d6c00000,0x00000000d6c00000,0x00000000d6d80000)
 ParOldGen       total 68608K, used 28375K [0x0000000080000000, 0x0000000084300000, 0x00000000d5580000)
  object space 68608K, 41% used [0x0000000080000000,0x0000000081bb5db8,0x0000000084300000)
 Metaspace       used 35905K, committed 36928K, reserved 1114112K
  class space    used 3623K, committed 4096K, reserved 1048576K
GC Heap History (20 events):
Event: 12.165 GC heap before
{Heap before GC invocations=10 (full 1):
 PSYoungGen      total 26624K, used 26619K [0x00000000d5580000, 0x00000000d7700000, 0x0000000100000000)
  eden space 23040K, 100% used [0x00000000d5580000,0x00000000d6c00000,0x00000000d6c00000)
  from space 3584K, 99% used [0x00000000d7100000,0x00000000d747ee00,0x00000000d7480000)
  to   space 5120K, 0% used [0x00000000d6c00000,0x00000000d6c00000,0x00000000d7100000)
 ParOldGen       total 68608K, used 9731K [0x0000000080000000, 0x0000000084300000, 0x00000000d5580000)
  object space 68608K, 14% used [0x0000000080000000,0x0000000080980e18,0x0000000084300000)
 Metaspace       used 29769K, committed 30592K, reserved 1114112K
  class space    used 2975K, committed 3328K, reserved 1048576K
}
Event: 12.170 GC heap after
{Heap after GC invocations=10 (full 1):
 PSYoungGen      total 27648K, used 4914K [0x00000000d5580000, 0x00000000d7580000, 0x0000000100000000)
  eden space 22528K, 0% used [0x00000000d5580000,0x00000000d5580000,0x00000000d6b80000)
  from space 5120K, 95% used [0x00000000d6c00000,0x00000000d70cc840,0x00000000d7100000)
  to   space 4608K, 0% used [0x00000000d7100000,0x00000000d7100000,0x00000000d7580000)
 ParOldGen       total 68608K, used 9739K [0x0000000080000000, 0x0000000084300000, 0x00000000d5580000)
  object space 68608K, 14% used [0x0000000080000000,0x0000000080982e18,0x0000000084300000)
 Metaspace       used 29769K, committed 30592K, reserved 1114112K
  class space    used 2975K, committed 3328K, reserved 1048576K
}
Event: 13.266 GC heap before
{Heap before GC invocations=11 (full 1):
 PSYoungGen      total 27648K, used 27442K [0x00000000d5580000, 0x00000000d7580000, 0x0000000100000000)
  eden space 22528K, 100% used [0x00000000d5580000,0x00000000d6b80000,0x00000000d6b80000)
  from space 5120K, 95% used [0x00000000d6c00000,0x00000000d70cc840,0x00000000d7100000)
  to   space 4608K, 0% used [0x00000000d7100000,0x00000000d7100000,0x00000000d7580000)
 ParOldGen       total 68608K, used 9739K [0x0000000080000000, 0x0000000084300000, 0x00000000d5580000)
  object space 68608K, 14% used [0x0000000080000000,0x0000000080982e18,0x0000000084300000)
 Metaspace       used 32756K, committed 33664K, reserved 1114112K
  class space    used 3301K, committed 3712K, reserved 1048576K
}
Event: 13.276 GC heap after
{Heap after GC invocations=11 (full 1):
 PSYoungGen      total 25088K, used 2697K [0x00000000d5580000, 0x00000000d7400000, 0x0000000100000000)
  eden space 22016K, 0% used [0x00000000d5580000,0x00000000d5580000,0x00000000d6b00000)
  from space 3072K, 87% used [0x00000000d7100000,0x00000000d73a2690,0x00000000d7400000)
  to   space 3584K, 0% used [0x00000000d6d00000,0x00000000d6d00000,0x00000000d7080000)
 ParOldGen       total 68608K, used 13294K [0x0000000080000000, 0x0000000084300000, 0x00000000d5580000)
  object space 68608K, 19% used [0x0000000080000000,0x0000000080cfb870,0x0000000084300000)
 Metaspace       used 32756K, committed 33664K, reserved 1114112K
  class space    used 3301K, committed 3712K, reserved 1048576K
}
Event: 13.703 GC heap before
{Heap before GC invocations=12 (full 1):
 PSYoungGen      total 25088K, used 24713K [0x00000000d5580000, 0x00000000d7400000, 0x0000000100000000)
  eden space 22016K, 100% used [0x00000000d5580000,0x00000000d6b00000,0x00000000d6b00000)
  from space 3072K, 87% used [0x00000000d7100000,0x00000000d73a2690,0x00000000d7400000)
  to   space 3584K, 0% used [0x00000000d6d00000,0x00000000d6d00000,0x00000000d7080000)
 ParOldGen       total 68608K, used 13294K [0x0000000080000000, 0x0000000084300000, 0x00000000d5580000)
  object space 68608K, 19% used [0x0000000080000000,0x0000000080cfb870,0x0000000084300000)
 Metaspace       used 33411K, committed 34432K, reserved 1114112K
  class space    used 3401K, committed 3840K, reserved 1048576K
}
Event: 13.709 GC heap after
{Heap after GC invocations=12 (full 1):
 PSYoungGen      total 24576K, used 2272K [0x00000000d5580000, 0x00000000d7180000, 0x0000000100000000)
  eden space 22016K, 0% used [0x00000000d5580000,0x00000000d5580000,0x00000000d6b00000)
  from space 2560K, 88% used [0x00000000d6d00000,0x00000000d6f38010,0x00000000d6f80000)
  to   space 2048K, 0% used [0x00000000d6f80000,0x00000000d6f80000,0x00000000d7180000)
 ParOldGen       total 68608K, used 15763K [0x0000000080000000, 0x0000000084300000, 0x00000000d5580000)
  object space 68608K, 22% used [0x0000000080000000,0x0000000080f64fe0,0x0000000084300000)
 Metaspace       used 33411K, committed 34432K, reserved 1114112K
  class space    used 3401K, committed 3840K, reserved 1048576K
}
Event: 14.129 GC heap before
{Heap before GC invocations=13 (full 1):
 PSYoungGen      total 24576K, used 24288K [0x00000000d5580000, 0x00000000d7180000, 0x0000000100000000)
  eden space 22016K, 100% used [0x00000000d5580000,0x00000000d6b00000,0x00000000d6b00000)
  from space 2560K, 88% used [0x00000000d6d00000,0x00000000d6f38010,0x00000000d6f80000)
  to   space 2048K, 0% used [0x00000000d6f80000,0x00000000d6f80000,0x00000000d7180000)
 ParOldGen       total 68608K, used 15763K [0x0000000080000000, 0x0000000084300000, 0x00000000d5580000)
  object space 68608K, 22% used [0x0000000080000000,0x0000000080f64fe0,0x0000000084300000)
 Metaspace       used 34107K, committed 35136K, reserved 1114112K
  class space    used 3511K, committed 3968K, reserved 1048576K
}
Event: 14.135 GC heap after
{Heap after GC invocations=13 (full 1):
 PSYoungGen      total 23040K, used 2026K [0x00000000d5580000, 0x00000000d7600000, 0x0000000100000000)
  eden space 20992K, 0% used [0x00000000d5580000,0x00000000d5580000,0x00000000d6a00000)
  from space 2048K, 98% used [0x00000000d6f80000,0x00000000d717a930,0x00000000d7180000)
  to   space 5632K, 0% used [0x00000000d6a00000,0x00000000d6a00000,0x00000000d6f80000)
 ParOldGen       total 68608K, used 18703K [0x0000000080000000, 0x0000000084300000, 0x00000000d5580000)
  object space 68608K, 27% used [0x0000000080000000,0x0000000081243cf0,0x0000000084300000)
 Metaspace       used 34107K, committed 35136K, reserved 1114112K
  class space    used 3511K, committed 3968K, reserved 1048576K
}
Event: 14.287 GC heap before
{Heap before GC invocations=14 (full 1):
 PSYoungGen      total 23040K, used 23018K [0x00000000d5580000, 0x00000000d7600000, 0x0000000100000000)
  eden space 20992K, 100% used [0x00000000d5580000,0x00000000d6a00000,0x00000000d6a00000)
  from space 2048K, 98% used [0x00000000d6f80000,0x00000000d717a930,0x00000000d7180000)
  to   space 5632K, 0% used [0x00000000d6a00000,0x00000000d6a00000,0x00000000d6f80000)
 ParOldGen       total 68608K, used 18703K [0x0000000080000000, 0x0000000084300000, 0x00000000d5580000)
  object space 68608K, 27% used [0x0000000080000000,0x0000000081243cf0,0x0000000084300000)
 Metaspace       used 34139K, committed 35200K, reserved 1114112K
  class space    used 3512K, committed 3968K, reserved 1048576K
}
Event: 14.295 GC heap after
{Heap after GC invocations=14 (full 1):
 PSYoungGen      total 24064K, used 2754K [0x00000000d5580000, 0x00000000d7100000, 0x0000000100000000)
  eden space 20992K, 0% used [0x00000000d5580000,0x00000000d5580000,0x00000000d6a00000)
  from space 3072K, 89% used [0x00000000d6a00000,0x00000000d6cb0810,0x00000000d6d00000)
  to   space 3584K, 0% used [0x00000000d6d80000,0x00000000d6d80000,0x00000000d7100000)
 ParOldGen       total 68608K, used 20670K [0x0000000080000000, 0x0000000084300000, 0x00000000d5580000)
  object space 68608K, 30% used [0x0000000080000000,0x000000008142fbd0,0x0000000084300000)
 Metaspace       used 34139K, committed 35200K, reserved 1114112K
  class space    used 3512K, committed 3968K, reserved 1048576K
}
Event: 14.444 GC heap before
{Heap before GC invocations=15 (full 1):
 PSYoungGen      total 24064K, used 23746K [0x00000000d5580000, 0x00000000d7100000, 0x0000000100000000)
  eden space 20992K, 100% used [0x00000000d5580000,0x00000000d6a00000,0x00000000d6a00000)
  from space 3072K, 89% used [0x00000000d6a00000,0x00000000d6cb0810,0x00000000d6d00000)
  to   space 3584K, 0% used [0x00000000d6d80000,0x00000000d6d80000,0x00000000d7100000)
 ParOldGen       total 68608K, used 20670K [0x0000000080000000, 0x0000000084300000, 0x00000000d5580000)
  object space 68608K, 30% used [0x0000000080000000,0x000000008142fbd0,0x0000000084300000)
 Metaspace       used 34180K, committed 35264K, reserved 1114112K
  class space    used 3512K, committed 3968K, reserved 1048576K
}
Event: 14.453 GC heap after
{Heap after GC invocations=15 (full 1):
 PSYoungGen      total 23552K, used 2404K [0x00000000d5580000, 0x00000000d7000000, 0x0000000100000000)
  eden space 20992K, 0% used [0x00000000d5580000,0x00000000d5580000,0x00000000d6a00000)
  from space 2560K, 93% used [0x00000000d6d80000,0x00000000d6fd9000,0x00000000d7000000)
  to   space 3072K, 0% used [0x00000000d6a00000,0x00000000d6a00000,0x00000000d6d00000)
 ParOldGen       total 68608K, used 23187K [0x0000000080000000, 0x0000000084300000, 0x00000000d5580000)
  object space 68608K, 33% used [0x0000000080000000,0x00000000816a4f40,0x0000000084300000)
 Metaspace       used 34180K, committed 35264K, reserved 1114112K
  class space    used 3512K, committed 3968K, reserved 1048576K
}
Event: 14.633 GC heap before
{Heap before GC invocations=16 (full 1):
 PSYoungGen      total 23552K, used 23396K [0x00000000d5580000, 0x00000000d7000000, 0x0000000100000000)
  eden space 20992K, 100% used [0x00000000d5580000,0x00000000d6a00000,0x00000000d6a00000)
  from space 2560K, 93% used [0x00000000d6d80000,0x00000000d6fd9000,0x00000000d7000000)
  to   space 3072K, 0% used [0x00000000d6a00000,0x00000000d6a00000,0x00000000d6d00000)
 ParOldGen       total 68608K, used 23187K [0x0000000080000000, 0x0000000084300000, 0x00000000d5580000)
  object space 68608K, 33% used [0x0000000080000000,0x00000000816a4f40,0x0000000084300000)
 Metaspace       used 34284K, committed 35328K, reserved 1114112K
  class space    used 3512K, committed 3968K, reserved 1048576K
}
Event: 14.639 GC heap after
{Heap after GC invocations=16 (full 1):
 PSYoungGen      total 24064K, used 2528K [0x00000000d5580000, 0x00000000d7000000, 0x0000000100000000)
  eden space 20992K, 0% used [0x00000000d5580000,0x00000000d5580000,0x00000000d6a00000)
  from space 3072K, 82% used [0x00000000d6a00000,0x00000000d6c78010,0x00000000d6d00000)
  to   space 3072K, 0% used [0x00000000d6d00000,0x00000000d6d00000,0x00000000d7000000)
 ParOldGen       total 68608K, used 25473K [0x0000000080000000, 0x0000000084300000, 0x00000000d5580000)
  object space 68608K, 37% used [0x0000000080000000,0x00000000818e0568,0x0000000084300000)
 Metaspace       used 34284K, committed 35328K, reserved 1114112K
  class space    used 3512K, committed 3968K, reserved 1048576K
}
Event: 14.772 GC heap before
{Heap before GC invocations=17 (full 1):
 PSYoungGen      total 24064K, used 23519K [0x00000000d5580000, 0x00000000d7000000, 0x0000000100000000)
  eden space 20992K, 99% used [0x00000000d5580000,0x00000000d69fff70,0x00000000d6a00000)
  from space 3072K, 82% used [0x00000000d6a00000,0x00000000d6c78010,0x00000000d6d00000)
  to   space 3072K, 0% used [0x00000000d6d00000,0x00000000d6d00000,0x00000000d7000000)
 ParOldGen       total 68608K, used 25473K [0x0000000080000000, 0x0000000084300000, 0x00000000d5580000)
  object space 68608K, 37% used [0x0000000080000000,0x00000000818e0568,0x0000000084300000)
 Metaspace       used 34306K, committed 35392K, reserved 1114112K
  class space    used 3512K, committed 3968K, reserved 1048576K
}
Event: 14.899 GC heap after
{Heap after GC invocations=17 (full 1):
 PSYoungGen      total 23552K, used 2232K [0x00000000d5580000, 0x00000000d6f80000, 0x0000000100000000)
  eden space 20992K, 0% used [0x00000000d5580000,0x00000000d5580000,0x00000000d6a00000)
  from space 2560K, 87% used [0x00000000d6d00000,0x00000000d6f2e200,0x00000000d6f80000)
  to   space 2560K, 0% used [0x00000000d6a80000,0x00000000d6a80000,0x00000000d6d00000)
 ParOldGen       total 68608K, used 27897K [0x0000000080000000, 0x0000000084300000, 0x00000000d5580000)
  object space 68608K, 40% used [0x0000000080000000,0x0000000081b3e578,0x0000000084300000)
 Metaspace       used 34306K, committed 35392K, reserved 1114112K
  class space    used 3512K, committed 3968K, reserved 1048576K
}
Event: 15.072 GC heap before
{Heap before GC invocations=18 (full 1):
 PSYoungGen      total 23552K, used 13307K [0x00000000d5580000, 0x00000000d6f80000, 0x0000000100000000)
  eden space 20992K, 52% used [0x00000000d5580000,0x00000000d6050be0,0x00000000d6a00000)
  from space 2560K, 87% used [0x00000000d6d00000,0x00000000d6f2e200,0x00000000d6f80000)
  to   space 2560K, 0% used [0x00000000d6a80000,0x00000000d6a80000,0x00000000d6d00000)
 ParOldGen       total 68608K, used 27897K [0x0000000080000000, 0x0000000084300000, 0x00000000d5580000)
  object space 68608K, 40% used [0x0000000080000000,0x0000000081b3e578,0x0000000084300000)
 Metaspace       used 34738K, committed 35840K, reserved 1114112K
  class space    used 3558K, committed 4032K, reserved 1048576K
}
Event: 15.078 GC heap after
{Heap after GC invocations=18 (full 1):
 PSYoungGen      total 22016K, used 1010K [0x00000000d5580000, 0x00000000d6d80000, 0x0000000100000000)
  eden space 20992K, 0% used [0x00000000d5580000,0x00000000d5580000,0x00000000d6a00000)
  from space 1024K, 98% used [0x00000000d6a80000,0x00000000d6b7cae8,0x00000000d6b80000)
  to   space 1536K, 0% used [0x00000000d6c00000,0x00000000d6c00000,0x00000000d6d80000)
 ParOldGen       total 68608K, used 30017K [0x0000000080000000, 0x0000000084300000, 0x00000000d5580000)
  object space 68608K, 43% used [0x0000000080000000,0x0000000081d50778,0x0000000084300000)
 Metaspace       used 34738K, committed 35840K, reserved 1114112K
  class space    used 3558K, committed 4032K, reserved 1048576K
}
Event: 15.078 GC heap before
{Heap before GC invocations=19 (full 2):
 PSYoungGen      total 22016K, used 1010K [0x00000000d5580000, 0x00000000d6d80000, 0x0000000100000000)
  eden space 20992K, 0% used [0x00000000d5580000,0x00000000d5580000,0x00000000d6a00000)
  from space 1024K, 98% used [0x00000000d6a80000,0x00000000d6b7cae8,0x00000000d6b80000)
  to   space 1536K, 0% used [0x00000000d6c00000,0x00000000d6c00000,0x00000000d6d80000)
 ParOldGen       total 68608K, used 30017K [0x0000000080000000, 0x0000000084300000, 0x00000000d5580000)
  object space 68608K, 43% used [0x0000000080000000,0x0000000081d50778,0x0000000084300000)
 Metaspace       used 34738K, committed 35840K, reserved 1114112K
  class space    used 3558K, committed 4032K, reserved 1048576K
}
Event: 15.162 GC heap after
{Heap after GC invocations=19 (full 2):
 PSYoungGen      total 22016K, used 0K [0x00000000d5580000, 0x00000000d6d80000, 0x0000000100000000)
  eden space 20992K, 0% used [0x00000000d5580000,0x00000000d5580000,0x00000000d6a00000)
  from space 1024K, 0% used [0x00000000d6a80000,0x00000000d6a80000,0x00000000d6b80000)
  to   space 1536K, 0% used [0x00000000d6c00000,0x00000000d6c00000,0x00000000d6d80000)
 ParOldGen       total 68608K, used 28375K [0x0000000080000000, 0x0000000084300000, 0x00000000d5580000)
  object space 68608K, 41% used [0x0000000080000000,0x0000000081bb5db8,0x0000000084300000)
 Metaspace       used 34572K, committed 35840K, reserved 1114112K
  class space    used 3510K, committed 4032K, reserved 1048576K
}

